{
  "uid" : "c9657c105b25a00c",
  "name" : "Login Successful",
  "fullName" : "Login y Logout: Login Successful",
  "historyId" : "8cf3206b7f71cf07250c86b14155c0e9",
  "time" : {
    "start" : 1652733444060,
    "stop" : 1652733447945,
    "duration" : 3885
  },
  "status" : "broken",
  "statusMessage" : "Element <a id=\"login2\" class=\"nav-link\" href=\"#\"> is not clickable at point (1050,37) because another element <div id=\"signInModal\" class=\"modal fade\"> obscures it\nBuild info: version: '3.141.59', revision: 'e82be7d358', time: '2018-11-14T08:17:03'\nSystem info: host: 'fv-az187-396', ip: '10.1.0.121', os.name: 'Linux', os.arch: 'amd64', os.version: '5.13.0-1022-azure', java.version: '11.0.15'\nDriver info: org.openqa.selenium.firefox.FirefoxDriver\nCapabilities {acceptInsecureCerts: true, browserName: firefox, browserVersion: 100.0.1, javascriptEnabled: true, moz:accessibilityChecks: false, moz:buildID: 20220513165813, moz:geckodriverVersion: 0.31.0, moz:headless: true, moz:processID: 3269, moz:profile: /tmp/rust_mozprofile85AqFC, moz:shutdownTimeout: 60000, moz:useNonSpecCompliantPointerOrigin: false, moz:webdriverClick: true, pageLoadStrategy: normal, platform: LINUX, platformName: LINUX, platformVersion: 5.13.0-1022-azure, proxy: Proxy(), setWindowRect: true, strictFileInteractability: false, timeouts: {implicit: 0, pageLoad: 300000, script: 30000}, unhandledPromptBehavior: dismiss and notify}\nSession ID: 04abf12c-0598-46db-9edb-8ee460513ae4",
  "statusTrace" : "org.openqa.selenium.ElementClickInterceptedException: Element <a id=\"login2\" class=\"nav-link\" href=\"#\"> is not clickable at point (1050,37) because another element <div id=\"signInModal\" class=\"modal fade\"> obscures it\nBuild info: version: '3.141.59', revision: 'e82be7d358', time: '2018-11-14T08:17:03'\nSystem info: host: 'fv-az187-396', ip: '10.1.0.121', os.name: 'Linux', os.arch: 'amd64', os.version: '5.13.0-1022-azure', java.version: '11.0.15'\nDriver info: org.openqa.selenium.firefox.FirefoxDriver\nCapabilities {acceptInsecureCerts: true, browserName: firefox, browserVersion: 100.0.1, javascriptEnabled: true, moz:accessibilityChecks: false, moz:buildID: 20220513165813, moz:geckodriverVersion: 0.31.0, moz:headless: true, moz:processID: 3269, moz:profile: /tmp/rust_mozprofile85AqFC, moz:shutdownTimeout: 60000, moz:useNonSpecCompliantPointerOrigin: false, moz:webdriverClick: true, pageLoadStrategy: normal, platform: LINUX, platformName: LINUX, platformVersion: 5.13.0-1022-azure, proxy: Proxy(), setWindowRect: true, strictFileInteractability: false, timeouts: {implicit: 0, pageLoad: 300000, script: 30000}, unhandledPromptBehavior: dismiss and notify}\nSession ID: 04abf12c-0598-46db-9edb-8ee460513ae4\n\tat java.base/jdk.internal.reflect.NativeConstructorAccessorImpl.newInstance0(Native Method)\n\tat java.base/jdk.internal.reflect.NativeConstructorAccessorImpl.newInstance(NativeConstructorAccessorImpl.java:62)\n\tat java.base/jdk.internal.reflect.DelegatingConstructorAccessorImpl.newInstance(DelegatingConstructorAccessorImpl.java:45)\n\tat java.base/java.lang.reflect.Constructor.newInstance(Constructor.java:490)\n\tat org.openqa.selenium.remote.http.W3CHttpResponseCodec.createException(W3CHttpResponseCodec.java:187)\n\tat org.openqa.selenium.remote.http.W3CHttpResponseCodec.decode(W3CHttpResponseCodec.java:122)\n\tat org.openqa.selenium.remote.http.W3CHttpResponseCodec.decode(W3CHttpResponseCodec.java:49)\n\tat org.openqa.selenium.remote.HttpCommandExecutor.execute(HttpCommandExecutor.java:158)\n\tat org.openqa.selenium.remote.service.DriverCommandExecutor.execute(DriverCommandExecutor.java:83)\n\tat org.openqa.selenium.remote.RemoteWebDriver.execute(RemoteWebDriver.java:552)\n\tat org.openqa.selenium.remote.RemoteWebElement.execute(RemoteWebElement.java:285)\n\tat org.openqa.selenium.remote.RemoteWebElement.click(RemoteWebElement.java:84)\n\tat pages.BasePage.clickElement(BasePage.java:47)\n\tat pages.RegisterUserPage.clickOnButton(RegisterUserPage.java:52)\n\tat steps.RegisterUserSteps.clickOnButton(RegisterUserSteps.java:20)\n\tat ✽.Click on the button Log in(classpath:features/web/Login.feature:14)\n",
  "flaky" : false,
  "newFailed" : false,
  "beforeStages" : [ {
    "name" : "Hooks.initDriver(Scenario)",
    "time" : {
      "start" : 1652733444060,
      "stop" : 1652733445457,
      "duration" : 1397
    },
    "status" : "passed",
    "steps" : [ ],
    "attachments" : [ ],
    "parameters" : [ ],
    "stepsCount" : 0,
    "attachmentsCount" : 0,
    "shouldDisplayMessage" : false,
    "hasContent" : false
  } ],
  "testStage" : {
    "status" : "broken",
    "statusMessage" : "Element <a id=\"login2\" class=\"nav-link\" href=\"#\"> is not clickable at point (1050,37) because another element <div id=\"signInModal\" class=\"modal fade\"> obscures it\nBuild info: version: '3.141.59', revision: 'e82be7d358', time: '2018-11-14T08:17:03'\nSystem info: host: 'fv-az187-396', ip: '10.1.0.121', os.name: 'Linux', os.arch: 'amd64', os.version: '5.13.0-1022-azure', java.version: '11.0.15'\nDriver info: org.openqa.selenium.firefox.FirefoxDriver\nCapabilities {acceptInsecureCerts: true, browserName: firefox, browserVersion: 100.0.1, javascriptEnabled: true, moz:accessibilityChecks: false, moz:buildID: 20220513165813, moz:geckodriverVersion: 0.31.0, moz:headless: true, moz:processID: 3269, moz:profile: /tmp/rust_mozprofile85AqFC, moz:shutdownTimeout: 60000, moz:useNonSpecCompliantPointerOrigin: false, moz:webdriverClick: true, pageLoadStrategy: normal, platform: LINUX, platformName: LINUX, platformVersion: 5.13.0-1022-azure, proxy: Proxy(), setWindowRect: true, strictFileInteractability: false, timeouts: {implicit: 0, pageLoad: 300000, script: 30000}, unhandledPromptBehavior: dismiss and notify}\nSession ID: 04abf12c-0598-46db-9edb-8ee460513ae4",
    "statusTrace" : "org.openqa.selenium.ElementClickInterceptedException: Element <a id=\"login2\" class=\"nav-link\" href=\"#\"> is not clickable at point (1050,37) because another element <div id=\"signInModal\" class=\"modal fade\"> obscures it\nBuild info: version: '3.141.59', revision: 'e82be7d358', time: '2018-11-14T08:17:03'\nSystem info: host: 'fv-az187-396', ip: '10.1.0.121', os.name: 'Linux', os.arch: 'amd64', os.version: '5.13.0-1022-azure', java.version: '11.0.15'\nDriver info: org.openqa.selenium.firefox.FirefoxDriver\nCapabilities {acceptInsecureCerts: true, browserName: firefox, browserVersion: 100.0.1, javascriptEnabled: true, moz:accessibilityChecks: false, moz:buildID: 20220513165813, moz:geckodriverVersion: 0.31.0, moz:headless: true, moz:processID: 3269, moz:profile: /tmp/rust_mozprofile85AqFC, moz:shutdownTimeout: 60000, moz:useNonSpecCompliantPointerOrigin: false, moz:webdriverClick: true, pageLoadStrategy: normal, platform: LINUX, platformName: LINUX, platformVersion: 5.13.0-1022-azure, proxy: Proxy(), setWindowRect: true, strictFileInteractability: false, timeouts: {implicit: 0, pageLoad: 300000, script: 30000}, unhandledPromptBehavior: dismiss and notify}\nSession ID: 04abf12c-0598-46db-9edb-8ee460513ae4\n\tat java.base/jdk.internal.reflect.NativeConstructorAccessorImpl.newInstance0(Native Method)\n\tat java.base/jdk.internal.reflect.NativeConstructorAccessorImpl.newInstance(NativeConstructorAccessorImpl.java:62)\n\tat java.base/jdk.internal.reflect.DelegatingConstructorAccessorImpl.newInstance(DelegatingConstructorAccessorImpl.java:45)\n\tat java.base/java.lang.reflect.Constructor.newInstance(Constructor.java:490)\n\tat org.openqa.selenium.remote.http.W3CHttpResponseCodec.createException(W3CHttpResponseCodec.java:187)\n\tat org.openqa.selenium.remote.http.W3CHttpResponseCodec.decode(W3CHttpResponseCodec.java:122)\n\tat org.openqa.selenium.remote.http.W3CHttpResponseCodec.decode(W3CHttpResponseCodec.java:49)\n\tat org.openqa.selenium.remote.HttpCommandExecutor.execute(HttpCommandExecutor.java:158)\n\tat org.openqa.selenium.remote.service.DriverCommandExecutor.execute(DriverCommandExecutor.java:83)\n\tat org.openqa.selenium.remote.RemoteWebDriver.execute(RemoteWebDriver.java:552)\n\tat org.openqa.selenium.remote.RemoteWebElement.execute(RemoteWebElement.java:285)\n\tat org.openqa.selenium.remote.RemoteWebElement.click(RemoteWebElement.java:84)\n\tat pages.BasePage.clickElement(BasePage.java:47)\n\tat pages.RegisterUserPage.clickOnButton(RegisterUserPage.java:52)\n\tat steps.RegisterUserSteps.clickOnButton(RegisterUserSteps.java:20)\n\tat ✽.Click on the button Log in(classpath:features/web/Login.feature:14)\n",
    "steps" : [ {
      "name" : "Given  Navigate to Demoblaze web",
      "time" : {
        "start" : 1652733445457,
        "stop" : 1652733446125,
        "duration" : 668
      },
      "status" : "passed",
      "steps" : [ ],
      "attachments" : [ ],
      "parameters" : [ ],
      "stepsCount" : 0,
      "attachmentsCount" : 0,
      "shouldDisplayMessage" : false,
      "hasContent" : false
    }, {
      "name" : "Given  Click on the button Sign up",
      "time" : {
        "start" : 1652733446125,
        "stop" : 1652733446460,
        "duration" : 335
      },
      "status" : "passed",
      "steps" : [ ],
      "attachments" : [ ],
      "parameters" : [ ],
      "stepsCount" : 0,
      "attachmentsCount" : 0,
      "shouldDisplayMessage" : false,
      "hasContent" : false
    }, {
      "name" : "And  Write Username",
      "time" : {
        "start" : 1652733446461,
        "stop" : 1652733446642,
        "duration" : 181
      },
      "status" : "passed",
      "steps" : [ ],
      "attachments" : [ ],
      "parameters" : [ ],
      "stepsCount" : 0,
      "attachmentsCount" : 0,
      "shouldDisplayMessage" : false,
      "hasContent" : false
    }, {
      "name" : "And  Write Password",
      "time" : {
        "start" : 1652733446642,
        "stop" : 1652733446773,
        "duration" : 131
      },
      "status" : "passed",
      "steps" : [ ],
      "attachments" : [ ],
      "parameters" : [ ],
      "stepsCount" : 0,
      "attachmentsCount" : 0,
      "shouldDisplayMessage" : false,
      "hasContent" : false
    }, {
      "name" : "And  Click on the button Sign Up",
      "time" : {
        "start" : 1652733446773,
        "stop" : 1652733447010,
        "duration" : 237
      },
      "status" : "passed",
      "steps" : [ ],
      "attachments" : [ ],
      "parameters" : [ ],
      "stepsCount" : 0,
      "attachmentsCount" : 0,
      "shouldDisplayMessage" : false,
      "hasContent" : false
    }, {
      "name" : "And  The Sign up successful alert is displayed",
      "time" : {
        "start" : 1652733447010,
        "stop" : 1652733447051,
        "duration" : 41
      },
      "status" : "passed",
      "steps" : [ ],
      "attachments" : [ ],
      "parameters" : [ ],
      "stepsCount" : 0,
      "attachmentsCount" : 0,
      "shouldDisplayMessage" : false,
      "hasContent" : false
    }, {
      "name" : "When  Click on the button Log in",
      "time" : {
        "start" : 1652733447051,
        "stop" : 1652733447077,
        "duration" : 26
      },
      "status" : "broken",
      "statusMessage" : "Element <a id=\"login2\" class=\"nav-link\" href=\"#\"> is not clickable at point (1050,37) because another element <div id=\"signInModal\" class=\"modal fade\"> obscures it\nBuild info: version: '3.141.59', revision: 'e82be7d358', time: '2018-11-14T08:17:03'\nSystem info: host: 'fv-az187-396', ip: '10.1.0.121', os.name: 'Linux', os.arch: 'amd64', os.version: '5.13.0-1022-azure', java.version: '11.0.15'\nDriver info: org.openqa.selenium.firefox.FirefoxDriver\nCapabilities {acceptInsecureCerts: true, browserName: firefox, browserVersion: 100.0.1, javascriptEnabled: true, moz:accessibilityChecks: false, moz:buildID: 20220513165813, moz:geckodriverVersion: 0.31.0, moz:headless: true, moz:processID: 3269, moz:profile: /tmp/rust_mozprofile85AqFC, moz:shutdownTimeout: 60000, moz:useNonSpecCompliantPointerOrigin: false, moz:webdriverClick: true, pageLoadStrategy: normal, platform: LINUX, platformName: LINUX, platformVersion: 5.13.0-1022-azure, proxy: Proxy(), setWindowRect: true, strictFileInteractability: false, timeouts: {implicit: 0, pageLoad: 300000, script: 30000}, unhandledPromptBehavior: dismiss and notify}\nSession ID: 04abf12c-0598-46db-9edb-8ee460513ae4",
      "statusTrace" : "org.openqa.selenium.ElementClickInterceptedException: Element <a id=\"login2\" class=\"nav-link\" href=\"#\"> is not clickable at point (1050,37) because another element <div id=\"signInModal\" class=\"modal fade\"> obscures it\nBuild info: version: '3.141.59', revision: 'e82be7d358', time: '2018-11-14T08:17:03'\nSystem info: host: 'fv-az187-396', ip: '10.1.0.121', os.name: 'Linux', os.arch: 'amd64', os.version: '5.13.0-1022-azure', java.version: '11.0.15'\nDriver info: org.openqa.selenium.firefox.FirefoxDriver\nCapabilities {acceptInsecureCerts: true, browserName: firefox, browserVersion: 100.0.1, javascriptEnabled: true, moz:accessibilityChecks: false, moz:buildID: 20220513165813, moz:geckodriverVersion: 0.31.0, moz:headless: true, moz:processID: 3269, moz:profile: /tmp/rust_mozprofile85AqFC, moz:shutdownTimeout: 60000, moz:useNonSpecCompliantPointerOrigin: false, moz:webdriverClick: true, pageLoadStrategy: normal, platform: LINUX, platformName: LINUX, platformVersion: 5.13.0-1022-azure, proxy: Proxy(), setWindowRect: true, strictFileInteractability: false, timeouts: {implicit: 0, pageLoad: 300000, script: 30000}, unhandledPromptBehavior: dismiss and notify}\nSession ID: 04abf12c-0598-46db-9edb-8ee460513ae4\n\tat java.base/jdk.internal.reflect.NativeConstructorAccessorImpl.newInstance0(Native Method)\n\tat java.base/jdk.internal.reflect.NativeConstructorAccessorImpl.newInstance(NativeConstructorAccessorImpl.java:62)\n\tat java.base/jdk.internal.reflect.DelegatingConstructorAccessorImpl.newInstance(DelegatingConstructorAccessorImpl.java:45)\n\tat java.base/java.lang.reflect.Constructor.newInstance(Constructor.java:490)\n\tat org.openqa.selenium.remote.http.W3CHttpResponseCodec.createException(W3CHttpResponseCodec.java:187)\n\tat org.openqa.selenium.remote.http.W3CHttpResponseCodec.decode(W3CHttpResponseCodec.java:122)\n\tat org.openqa.selenium.remote.http.W3CHttpResponseCodec.decode(W3CHttpResponseCodec.java:49)\n\tat org.openqa.selenium.remote.HttpCommandExecutor.execute(HttpCommandExecutor.java:158)\n\tat org.openqa.selenium.remote.service.DriverCommandExecutor.execute(DriverCommandExecutor.java:83)\n\tat org.openqa.selenium.remote.RemoteWebDriver.execute(RemoteWebDriver.java:552)\n\tat org.openqa.selenium.remote.RemoteWebElement.execute(RemoteWebElement.java:285)\n\tat org.openqa.selenium.remote.RemoteWebElement.click(RemoteWebElement.java:84)\n\tat pages.BasePage.clickElement(BasePage.java:47)\n\tat pages.RegisterUserPage.clickOnButton(RegisterUserPage.java:52)\n\tat steps.RegisterUserSteps.clickOnButton(RegisterUserSteps.java:20)\n\tat ✽.Click on the button Log in(classpath:features/web/Login.feature:14)\n",
      "steps" : [ ],
      "attachments" : [ ],
      "parameters" : [ ],
      "stepsCount" : 0,
      "attachmentsCount" : 0,
      "shouldDisplayMessage" : true,
      "hasContent" : true
    }, {
      "name" : "And  The user complete the fields with the correct data for the login",
      "time" : {
        "start" : 1652733447077,
        "stop" : 1652733447077,
        "duration" : 0
      },
      "status" : "skipped",
      "steps" : [ ],
      "attachments" : [ ],
      "parameters" : [ ],
      "stepsCount" : 0,
      "attachmentsCount" : 0,
      "shouldDisplayMessage" : false,
      "hasContent" : false
    }, {
      "name" : "And  Click on the button Log In",
      "time" : {
        "start" : 1652733447077,
        "stop" : 1652733447077,
        "duration" : 0
      },
      "status" : "skipped",
      "steps" : [ ],
      "attachments" : [ ],
      "parameters" : [ ],
      "stepsCount" : 0,
      "attachmentsCount" : 0,
      "shouldDisplayMessage" : false,
      "hasContent" : false
    }, {
      "name" : "Then  Verify the username is displayed",
      "time" : {
        "start" : 1652733447077,
        "stop" : 1652733447077,
        "duration" : 0
      },
      "status" : "skipped",
      "steps" : [ ],
      "attachments" : [ ],
      "parameters" : [ ],
      "stepsCount" : 0,
      "attachmentsCount" : 0,
      "shouldDisplayMessage" : false,
      "hasContent" : false
    }, {
      "name" : "And  Click on the button Log out",
      "time" : {
        "start" : 1652733447077,
        "stop" : 1652733447077,
        "duration" : 0
      },
      "status" : "skipped",
      "steps" : [ ],
      "attachments" : [ ],
      "parameters" : [ ],
      "stepsCount" : 0,
      "attachmentsCount" : 0,
      "shouldDisplayMessage" : false,
      "hasContent" : false
    }, {
      "name" : "And  Verify the username is not displayed",
      "time" : {
        "start" : 1652733447077,
        "stop" : 1652733447077,
        "duration" : 0
      },
      "status" : "skipped",
      "steps" : [ ],
      "attachments" : [ ],
      "parameters" : [ ],
      "stepsCount" : 0,
      "attachmentsCount" : 0,
      "shouldDisplayMessage" : false,
      "hasContent" : false
    } ],
    "attachments" : [ ],
    "parameters" : [ ],
    "stepsCount" : 12,
    "attachmentsCount" : 0,
    "shouldDisplayMessage" : false,
    "hasContent" : true
  },
  "afterStages" : [ {
    "name" : "Hooks.embedScreenshot(Scenario)",
    "time" : {
      "start" : 1652733447078,
      "stop" : 1652733447945,
      "duration" : 867
    },
    "status" : "passed",
    "steps" : [ ],
    "attachments" : [ {
      "uid" : "b16152b1a32c777e",
      "name" : "Text output",
      "source" : "b16152b1a32c777e.txt",
      "type" : "text/plain",
      "size" : 20
    }, {
      "uid" : "f4b946ab6c173ada",
      "name" : "Text output",
      "source" : "f4b946ab6c173ada.txt",
      "type" : "text/plain",
      "size" : 56
    }, {
      "uid" : "ce0dede7f3e5a40b",
      "name" : "Screenshot",
      "source" : "ce0dede7f3e5a40b.png",
      "type" : "image/png",
      "size" : 396752
    } ],
    "parameters" : [ ],
    "stepsCount" : 0,
    "attachmentsCount" : 3,
    "shouldDisplayMessage" : false,
    "hasContent" : true
  } ],
  "labels" : [ {
    "name" : "tag",
    "value" : "regression"
  }, {
    "name" : "tag",
    "value" : "loginLogOut"
  }, {
    "name" : "tag",
    "value" : "loginLogOutSuccessful"
  }, {
    "name" : "host",
    "value" : "fv-az187-396"
  }, {
    "name" : "thread",
    "value" : "2315@fv-az187-396.main(1)"
  }, {
    "name" : "feature",
    "value" : "Login y Logout"
  }, {
    "name" : "story",
    "value" : "Login Successful"
  }, {
    "name" : "suite",
    "value" : "Login y Logout"
  }, {
    "name" : "testClass",
    "value" : "Login Successful"
  }, {
    "name" : "framework",
    "value" : "cucumber4jvm"
  }, {
    "name" : "language",
    "value" : "java"
  }, {
    "name" : "gherkin_uri",
    "value" : "classpath:features/web/Login.feature"
  }, {
    "name" : "package",
    "value" : "features.web.Login_feature.Login y Logout"
  }, {
    "name" : "resultFormat",
    "value" : "allure2"
  } ],
  "parameters" : [ ],
  "links" : [ ],
  "hidden" : false,
  "retry" : false,
  "extra" : {
    "severity" : "normal",
    "retries" : [ ],
    "categories" : [ {
      "name" : "Test defects",
      "matchedStatuses" : [ ],
      "flaky" : false
    } ],
    "tags" : [ "loginLogOut", "loginLogOutSuccessful", "regression" ]
  },
  "source" : "c9657c105b25a00c.json",
  "parameterValues" : [ ]
}