{
  "uid" : "f61e96e89af9e4cb",
  "name" : "Login Successful",
  "fullName" : "Login y Logout: Login Successful",
  "historyId" : "8cf3206b7f71cf07250c86b14155c0e9",
  "time" : {
    "start" : 1652734090000,
    "stop" : 1652734096475,
    "duration" : 6475
  },
  "status" : "broken",
  "statusMessage" : "Unable to locate element: #nameofuser\nFor documentation on this error, please visit: https://www.seleniumhq.org/exceptions/no_such_element.html\nBuild info: version: '3.141.59', revision: 'e82be7d358', time: '2018-11-14T08:17:03'\nSystem info: host: 'fv-az245-918', ip: '10.1.1.41', os.name: 'Linux', os.arch: 'amd64', os.version: '5.13.0-1022-azure', java.version: '11.0.15'\nDriver info: org.openqa.selenium.firefox.FirefoxDriver\nCapabilities {acceptInsecureCerts: true, browserName: firefox, browserVersion: 100.0.1, javascriptEnabled: true, moz:accessibilityChecks: false, moz:buildID: 20220513165813, moz:geckodriverVersion: 0.31.0, moz:headless: true, moz:processID: 3341, moz:profile: /tmp/rust_mozprofileEzKUUb, moz:shutdownTimeout: 60000, moz:useNonSpecCompliantPointerOrigin: false, moz:webdriverClick: true, pageLoadStrategy: normal, platform: LINUX, platformName: LINUX, platformVersion: 5.13.0-1022-azure, proxy: Proxy(), setWindowRect: true, strictFileInteractability: false, timeouts: {implicit: 0, pageLoad: 300000, script: 30000}, unhandledPromptBehavior: dismiss and notify}\nSession ID: 28a681e5-6a56-4c0a-b11e-3404842b8a26\n*** Element info: {Using=id, value=nameofuser}",
  "statusTrace" : "org.openqa.selenium.NoSuchElementException: Unable to locate element: #nameofuser\nFor documentation on this error, please visit: https://www.seleniumhq.org/exceptions/no_such_element.html\nBuild info: version: '3.141.59', revision: 'e82be7d358', time: '2018-11-14T08:17:03'\nSystem info: host: 'fv-az245-918', ip: '10.1.1.41', os.name: 'Linux', os.arch: 'amd64', os.version: '5.13.0-1022-azure', java.version: '11.0.15'\nDriver info: org.openqa.selenium.firefox.FirefoxDriver\nCapabilities {acceptInsecureCerts: true, browserName: firefox, browserVersion: 100.0.1, javascriptEnabled: true, moz:accessibilityChecks: false, moz:buildID: 20220513165813, moz:geckodriverVersion: 0.31.0, moz:headless: true, moz:processID: 3341, moz:profile: /tmp/rust_mozprofileEzKUUb, moz:shutdownTimeout: 60000, moz:useNonSpecCompliantPointerOrigin: false, moz:webdriverClick: true, pageLoadStrategy: normal, platform: LINUX, platformName: LINUX, platformVersion: 5.13.0-1022-azure, proxy: Proxy(), setWindowRect: true, strictFileInteractability: false, timeouts: {implicit: 0, pageLoad: 300000, script: 30000}, unhandledPromptBehavior: dismiss and notify}\nSession ID: 28a681e5-6a56-4c0a-b11e-3404842b8a26\n*** Element info: {Using=id, value=nameofuser}\n\tat java.base/jdk.internal.reflect.NativeConstructorAccessorImpl.newInstance0(Native Method)\n\tat java.base/jdk.internal.reflect.NativeConstructorAccessorImpl.newInstance(NativeConstructorAccessorImpl.java:62)\n\tat java.base/jdk.internal.reflect.DelegatingConstructorAccessorImpl.newInstance(DelegatingConstructorAccessorImpl.java:45)\n\tat java.base/java.lang.reflect.Constructor.newInstance(Constructor.java:490)\n\tat org.openqa.selenium.remote.http.W3CHttpResponseCodec.createException(W3CHttpResponseCodec.java:187)\n\tat org.openqa.selenium.remote.http.W3CHttpResponseCodec.decode(W3CHttpResponseCodec.java:122)\n\tat org.openqa.selenium.remote.http.W3CHttpResponseCodec.decode(W3CHttpResponseCodec.java:49)\n\tat org.openqa.selenium.remote.HttpCommandExecutor.execute(HttpCommandExecutor.java:158)\n\tat org.openqa.selenium.remote.service.DriverCommandExecutor.execute(DriverCommandExecutor.java:83)\n\tat org.openqa.selenium.remote.RemoteWebDriver.execute(RemoteWebDriver.java:552)\n\tat org.openqa.selenium.remote.RemoteWebDriver.findElement(RemoteWebDriver.java:323)\n\tat org.openqa.selenium.remote.RemoteWebDriver.findElementById(RemoteWebDriver.java:372)\n\tat org.openqa.selenium.By$ById.findElement(By.java:188)\n\tat org.openqa.selenium.remote.RemoteWebDriver.findElement(RemoteWebDriver.java:315)\n\tat pages.BasePage.invisibleWait(BasePage.java:34)\n\tat pages.BasePage.verifyInvisibleText(BasePage.java:67)\n\tat pages.LoginPage.verifyUsernameIsNotDisplayed(LoginPage.java:24)\n\tat steps.LoginSteps.verifyUsernameIsdisplayed(LoginSteps.java:23)\n\tat ✽.Verify the username is not displayed(classpath:features/web/Login.feature:19)\n",
  "flaky" : false,
  "newFailed" : false,
  "beforeStages" : [ {
    "name" : "Hooks.initDriver(Scenario)",
    "time" : {
      "start" : 1652734090001,
      "stop" : 1652734091879,
      "duration" : 1878
    },
    "status" : "passed",
    "steps" : [ ],
    "attachments" : [ ],
    "parameters" : [ ],
    "stepsCount" : 0,
    "attachmentsCount" : 0,
    "shouldDisplayMessage" : false,
    "hasContent" : false
  } ],
  "testStage" : {
    "status" : "broken",
    "statusMessage" : "Unable to locate element: #nameofuser\nFor documentation on this error, please visit: https://www.seleniumhq.org/exceptions/no_such_element.html\nBuild info: version: '3.141.59', revision: 'e82be7d358', time: '2018-11-14T08:17:03'\nSystem info: host: 'fv-az245-918', ip: '10.1.1.41', os.name: 'Linux', os.arch: 'amd64', os.version: '5.13.0-1022-azure', java.version: '11.0.15'\nDriver info: org.openqa.selenium.firefox.FirefoxDriver\nCapabilities {acceptInsecureCerts: true, browserName: firefox, browserVersion: 100.0.1, javascriptEnabled: true, moz:accessibilityChecks: false, moz:buildID: 20220513165813, moz:geckodriverVersion: 0.31.0, moz:headless: true, moz:processID: 3341, moz:profile: /tmp/rust_mozprofileEzKUUb, moz:shutdownTimeout: 60000, moz:useNonSpecCompliantPointerOrigin: false, moz:webdriverClick: true, pageLoadStrategy: normal, platform: LINUX, platformName: LINUX, platformVersion: 5.13.0-1022-azure, proxy: Proxy(), setWindowRect: true, strictFileInteractability: false, timeouts: {implicit: 0, pageLoad: 300000, script: 30000}, unhandledPromptBehavior: dismiss and notify}\nSession ID: 28a681e5-6a56-4c0a-b11e-3404842b8a26\n*** Element info: {Using=id, value=nameofuser}",
    "statusTrace" : "org.openqa.selenium.NoSuchElementException: Unable to locate element: #nameofuser\nFor documentation on this error, please visit: https://www.seleniumhq.org/exceptions/no_such_element.html\nBuild info: version: '3.141.59', revision: 'e82be7d358', time: '2018-11-14T08:17:03'\nSystem info: host: 'fv-az245-918', ip: '10.1.1.41', os.name: 'Linux', os.arch: 'amd64', os.version: '5.13.0-1022-azure', java.version: '11.0.15'\nDriver info: org.openqa.selenium.firefox.FirefoxDriver\nCapabilities {acceptInsecureCerts: true, browserName: firefox, browserVersion: 100.0.1, javascriptEnabled: true, moz:accessibilityChecks: false, moz:buildID: 20220513165813, moz:geckodriverVersion: 0.31.0, moz:headless: true, moz:processID: 3341, moz:profile: /tmp/rust_mozprofileEzKUUb, moz:shutdownTimeout: 60000, moz:useNonSpecCompliantPointerOrigin: false, moz:webdriverClick: true, pageLoadStrategy: normal, platform: LINUX, platformName: LINUX, platformVersion: 5.13.0-1022-azure, proxy: Proxy(), setWindowRect: true, strictFileInteractability: false, timeouts: {implicit: 0, pageLoad: 300000, script: 30000}, unhandledPromptBehavior: dismiss and notify}\nSession ID: 28a681e5-6a56-4c0a-b11e-3404842b8a26\n*** Element info: {Using=id, value=nameofuser}\n\tat java.base/jdk.internal.reflect.NativeConstructorAccessorImpl.newInstance0(Native Method)\n\tat java.base/jdk.internal.reflect.NativeConstructorAccessorImpl.newInstance(NativeConstructorAccessorImpl.java:62)\n\tat java.base/jdk.internal.reflect.DelegatingConstructorAccessorImpl.newInstance(DelegatingConstructorAccessorImpl.java:45)\n\tat java.base/java.lang.reflect.Constructor.newInstance(Constructor.java:490)\n\tat org.openqa.selenium.remote.http.W3CHttpResponseCodec.createException(W3CHttpResponseCodec.java:187)\n\tat org.openqa.selenium.remote.http.W3CHttpResponseCodec.decode(W3CHttpResponseCodec.java:122)\n\tat org.openqa.selenium.remote.http.W3CHttpResponseCodec.decode(W3CHttpResponseCodec.java:49)\n\tat org.openqa.selenium.remote.HttpCommandExecutor.execute(HttpCommandExecutor.java:158)\n\tat org.openqa.selenium.remote.service.DriverCommandExecutor.execute(DriverCommandExecutor.java:83)\n\tat org.openqa.selenium.remote.RemoteWebDriver.execute(RemoteWebDriver.java:552)\n\tat org.openqa.selenium.remote.RemoteWebDriver.findElement(RemoteWebDriver.java:323)\n\tat org.openqa.selenium.remote.RemoteWebDriver.findElementById(RemoteWebDriver.java:372)\n\tat org.openqa.selenium.By$ById.findElement(By.java:188)\n\tat org.openqa.selenium.remote.RemoteWebDriver.findElement(RemoteWebDriver.java:315)\n\tat pages.BasePage.invisibleWait(BasePage.java:34)\n\tat pages.BasePage.verifyInvisibleText(BasePage.java:67)\n\tat pages.LoginPage.verifyUsernameIsNotDisplayed(LoginPage.java:24)\n\tat steps.LoginSteps.verifyUsernameIsdisplayed(LoginSteps.java:23)\n\tat ✽.Verify the username is not displayed(classpath:features/web/Login.feature:19)\n",
    "steps" : [ {
      "name" : "Given  Navigate to Demoblaze web",
      "time" : {
        "start" : 1652734091879,
        "stop" : 1652734092522,
        "duration" : 643
      },
      "status" : "passed",
      "steps" : [ ],
      "attachments" : [ ],
      "parameters" : [ ],
      "stepsCount" : 0,
      "attachmentsCount" : 0,
      "shouldDisplayMessage" : false,
      "hasContent" : false
    }, {
      "name" : "Given  Click on the button Sign up",
      "time" : {
        "start" : 1652734092522,
        "stop" : 1652734092905,
        "duration" : 383
      },
      "status" : "passed",
      "steps" : [ ],
      "attachments" : [ ],
      "parameters" : [ ],
      "stepsCount" : 0,
      "attachmentsCount" : 0,
      "shouldDisplayMessage" : false,
      "hasContent" : false
    }, {
      "name" : "And  Write Username",
      "time" : {
        "start" : 1652734092905,
        "stop" : 1652734093284,
        "duration" : 379
      },
      "status" : "passed",
      "steps" : [ ],
      "attachments" : [ ],
      "parameters" : [ ],
      "stepsCount" : 0,
      "attachmentsCount" : 0,
      "shouldDisplayMessage" : false,
      "hasContent" : false
    }, {
      "name" : "And  Write Password",
      "time" : {
        "start" : 1652734093284,
        "stop" : 1652734093405,
        "duration" : 121
      },
      "status" : "passed",
      "steps" : [ ],
      "attachments" : [ ],
      "parameters" : [ ],
      "stepsCount" : 0,
      "attachmentsCount" : 0,
      "shouldDisplayMessage" : false,
      "hasContent" : false
    }, {
      "name" : "And  Click on the button Sign Up",
      "time" : {
        "start" : 1652734093405,
        "stop" : 1652734093656,
        "duration" : 251
      },
      "status" : "passed",
      "steps" : [ ],
      "attachments" : [ ],
      "parameters" : [ ],
      "stepsCount" : 0,
      "attachmentsCount" : 0,
      "shouldDisplayMessage" : false,
      "hasContent" : false
    }, {
      "name" : "And  The Sign up successful alert is displayed",
      "time" : {
        "start" : 1652734093656,
        "stop" : 1652734094181,
        "duration" : 525
      },
      "status" : "passed",
      "steps" : [ ],
      "attachments" : [ ],
      "parameters" : [ ],
      "stepsCount" : 0,
      "attachmentsCount" : 0,
      "shouldDisplayMessage" : false,
      "hasContent" : false
    }, {
      "name" : "When  Click on the button Log in",
      "time" : {
        "start" : 1652734094182,
        "stop" : 1652734094430,
        "duration" : 248
      },
      "status" : "passed",
      "steps" : [ ],
      "attachments" : [ ],
      "parameters" : [ ],
      "stepsCount" : 0,
      "attachmentsCount" : 0,
      "shouldDisplayMessage" : false,
      "hasContent" : false
    }, {
      "name" : "And  The user complete the fields with the correct data for the login",
      "time" : {
        "start" : 1652734094430,
        "stop" : 1652734094669,
        "duration" : 239
      },
      "status" : "passed",
      "steps" : [ ],
      "attachments" : [ ],
      "parameters" : [ ],
      "stepsCount" : 0,
      "attachmentsCount" : 0,
      "shouldDisplayMessage" : false,
      "hasContent" : false
    }, {
      "name" : "And  Click on the button Log In",
      "time" : {
        "start" : 1652734094669,
        "stop" : 1652734095145,
        "duration" : 476
      },
      "status" : "passed",
      "steps" : [ ],
      "attachments" : [ ],
      "parameters" : [ ],
      "stepsCount" : 0,
      "attachmentsCount" : 0,
      "shouldDisplayMessage" : false,
      "hasContent" : false
    }, {
      "name" : "Then  Verify the username is displayed",
      "time" : {
        "start" : 1652734095145,
        "stop" : 1652734095376,
        "duration" : 231
      },
      "status" : "passed",
      "steps" : [ ],
      "attachments" : [ ],
      "parameters" : [ ],
      "stepsCount" : 0,
      "attachmentsCount" : 0,
      "shouldDisplayMessage" : false,
      "hasContent" : false
    }, {
      "name" : "And  Click on the button Log out",
      "time" : {
        "start" : 1652734095377,
        "stop" : 1652734095498,
        "duration" : 121
      },
      "status" : "passed",
      "steps" : [ ],
      "attachments" : [ ],
      "parameters" : [ ],
      "stepsCount" : 0,
      "attachmentsCount" : 0,
      "shouldDisplayMessage" : false,
      "hasContent" : false
    }, {
      "name" : "And  Verify the username is not displayed",
      "time" : {
        "start" : 1652734095498,
        "stop" : 1652734095548,
        "duration" : 50
      },
      "status" : "broken",
      "statusMessage" : "Unable to locate element: #nameofuser\nFor documentation on this error, please visit: https://www.seleniumhq.org/exceptions/no_such_element.html\nBuild info: version: '3.141.59', revision: 'e82be7d358', time: '2018-11-14T08:17:03'\nSystem info: host: 'fv-az245-918', ip: '10.1.1.41', os.name: 'Linux', os.arch: 'amd64', os.version: '5.13.0-1022-azure', java.version: '11.0.15'\nDriver info: org.openqa.selenium.firefox.FirefoxDriver\nCapabilities {acceptInsecureCerts: true, browserName: firefox, browserVersion: 100.0.1, javascriptEnabled: true, moz:accessibilityChecks: false, moz:buildID: 20220513165813, moz:geckodriverVersion: 0.31.0, moz:headless: true, moz:processID: 3341, moz:profile: /tmp/rust_mozprofileEzKUUb, moz:shutdownTimeout: 60000, moz:useNonSpecCompliantPointerOrigin: false, moz:webdriverClick: true, pageLoadStrategy: normal, platform: LINUX, platformName: LINUX, platformVersion: 5.13.0-1022-azure, proxy: Proxy(), setWindowRect: true, strictFileInteractability: false, timeouts: {implicit: 0, pageLoad: 300000, script: 30000}, unhandledPromptBehavior: dismiss and notify}\nSession ID: 28a681e5-6a56-4c0a-b11e-3404842b8a26\n*** Element info: {Using=id, value=nameofuser}",
      "statusTrace" : "org.openqa.selenium.NoSuchElementException: Unable to locate element: #nameofuser\nFor documentation on this error, please visit: https://www.seleniumhq.org/exceptions/no_such_element.html\nBuild info: version: '3.141.59', revision: 'e82be7d358', time: '2018-11-14T08:17:03'\nSystem info: host: 'fv-az245-918', ip: '10.1.1.41', os.name: 'Linux', os.arch: 'amd64', os.version: '5.13.0-1022-azure', java.version: '11.0.15'\nDriver info: org.openqa.selenium.firefox.FirefoxDriver\nCapabilities {acceptInsecureCerts: true, browserName: firefox, browserVersion: 100.0.1, javascriptEnabled: true, moz:accessibilityChecks: false, moz:buildID: 20220513165813, moz:geckodriverVersion: 0.31.0, moz:headless: true, moz:processID: 3341, moz:profile: /tmp/rust_mozprofileEzKUUb, moz:shutdownTimeout: 60000, moz:useNonSpecCompliantPointerOrigin: false, moz:webdriverClick: true, pageLoadStrategy: normal, platform: LINUX, platformName: LINUX, platformVersion: 5.13.0-1022-azure, proxy: Proxy(), setWindowRect: true, strictFileInteractability: false, timeouts: {implicit: 0, pageLoad: 300000, script: 30000}, unhandledPromptBehavior: dismiss and notify}\nSession ID: 28a681e5-6a56-4c0a-b11e-3404842b8a26\n*** Element info: {Using=id, value=nameofuser}\n\tat java.base/jdk.internal.reflect.NativeConstructorAccessorImpl.newInstance0(Native Method)\n\tat java.base/jdk.internal.reflect.NativeConstructorAccessorImpl.newInstance(NativeConstructorAccessorImpl.java:62)\n\tat java.base/jdk.internal.reflect.DelegatingConstructorAccessorImpl.newInstance(DelegatingConstructorAccessorImpl.java:45)\n\tat java.base/java.lang.reflect.Constructor.newInstance(Constructor.java:490)\n\tat org.openqa.selenium.remote.http.W3CHttpResponseCodec.createException(W3CHttpResponseCodec.java:187)\n\tat org.openqa.selenium.remote.http.W3CHttpResponseCodec.decode(W3CHttpResponseCodec.java:122)\n\tat org.openqa.selenium.remote.http.W3CHttpResponseCodec.decode(W3CHttpResponseCodec.java:49)\n\tat org.openqa.selenium.remote.HttpCommandExecutor.execute(HttpCommandExecutor.java:158)\n\tat org.openqa.selenium.remote.service.DriverCommandExecutor.execute(DriverCommandExecutor.java:83)\n\tat org.openqa.selenium.remote.RemoteWebDriver.execute(RemoteWebDriver.java:552)\n\tat org.openqa.selenium.remote.RemoteWebDriver.findElement(RemoteWebDriver.java:323)\n\tat org.openqa.selenium.remote.RemoteWebDriver.findElementById(RemoteWebDriver.java:372)\n\tat org.openqa.selenium.By$ById.findElement(By.java:188)\n\tat org.openqa.selenium.remote.RemoteWebDriver.findElement(RemoteWebDriver.java:315)\n\tat pages.BasePage.invisibleWait(BasePage.java:34)\n\tat pages.BasePage.verifyInvisibleText(BasePage.java:67)\n\tat pages.LoginPage.verifyUsernameIsNotDisplayed(LoginPage.java:24)\n\tat steps.LoginSteps.verifyUsernameIsdisplayed(LoginSteps.java:23)\n\tat ✽.Verify the username is not displayed(classpath:features/web/Login.feature:19)\n",
      "steps" : [ ],
      "attachments" : [ ],
      "parameters" : [ ],
      "stepsCount" : 0,
      "attachmentsCount" : 0,
      "shouldDisplayMessage" : true,
      "hasContent" : true
    } ],
    "attachments" : [ ],
    "parameters" : [ ],
    "stepsCount" : 12,
    "attachmentsCount" : 0,
    "shouldDisplayMessage" : false,
    "hasContent" : true
  },
  "afterStages" : [ {
    "name" : "Hooks.embedScreenshot(Scenario)",
    "time" : {
      "start" : 1652734095549,
      "stop" : 1652734096474,
      "duration" : 925
    },
    "status" : "passed",
    "steps" : [ ],
    "attachments" : [ {
      "uid" : "36da6e87c958dffa",
      "name" : "Text output",
      "source" : "36da6e87c958dffa.txt",
      "type" : "text/plain",
      "size" : 20
    }, {
      "uid" : "e904f43176ae57b7",
      "name" : "Text output",
      "source" : "e904f43176ae57b7.txt",
      "type" : "text/plain",
      "size" : 56
    }, {
      "uid" : "55b62688b6a1c1a2",
      "name" : "Screenshot",
      "source" : "55b62688b6a1c1a2.png",
      "type" : "image/png",
      "size" : 98886
    } ],
    "parameters" : [ ],
    "stepsCount" : 0,
    "attachmentsCount" : 3,
    "shouldDisplayMessage" : false,
    "hasContent" : true
  } ],
  "labels" : [ {
    "name" : "tag",
    "value" : "regression"
  }, {
    "name" : "tag",
    "value" : "loginLogOut"
  }, {
    "name" : "tag",
    "value" : "loginLogOutSuccessful"
  }, {
    "name" : "host",
    "value" : "fv-az245-918"
  }, {
    "name" : "thread",
    "value" : "2403@fv-az245-918.main(1)"
  }, {
    "name" : "feature",
    "value" : "Login y Logout"
  }, {
    "name" : "story",
    "value" : "Login Successful"
  }, {
    "name" : "suite",
    "value" : "Login y Logout"
  }, {
    "name" : "testClass",
    "value" : "Login Successful"
  }, {
    "name" : "framework",
    "value" : "cucumber4jvm"
  }, {
    "name" : "language",
    "value" : "java"
  }, {
    "name" : "gherkin_uri",
    "value" : "classpath:features/web/Login.feature"
  }, {
    "name" : "package",
    "value" : "features.web.Login_feature.Login y Logout"
  }, {
    "name" : "resultFormat",
    "value" : "allure2"
  } ],
  "parameters" : [ ],
  "links" : [ ],
  "hidden" : false,
  "retry" : false,
  "extra" : {
    "severity" : "normal",
    "retries" : [ ],
    "categories" : [ {
      "name" : "Test defects",
      "matchedStatuses" : [ ],
      "flaky" : false
    } ],
    "tags" : [ "loginLogOut", "loginLogOutSuccessful", "regression" ]
  },
  "source" : "f61e96e89af9e4cb.json",
  "parameterValues" : [ ]
}